2019 五月 20 14:28:44,241 INFO | The ActiveMessage service is startup successfully!
2019 五月 20 14:28:44,246 INFO | 关键配置文件加载成功!
2019 五月 20 14:28:44,283 INFO | The ActiveMessage service is start in controlled!
2019 五月 20 14:28:44,305 INFO | The ActiveMessage service is start in controlled!
2019 五月 20 14:28:44,307 INFO | The AllFilesController service is in the process of controlled!
2019 五月 20 14:28:44,310 INFO | The ActiveMessage service is end in controlled!
2019 五月 20 14:28:44,316 INFO | The AllFilesController service is waiting for the next controller!
2019 五月 20 14:28:44,333 INFO | The ActiveMessage service is end in controlled!
2019 五月 20 14:28:49,314 INFO | The ActiveMessage service is start in controlled!
2019 五月 20 14:28:49,335 INFO | The ActiveMessage service is start in controlled!
2019 五月 20 14:28:49,338 INFO | The ActiveMessage service is end in controlled!
2019 五月 20 14:28:49,358 INFO | The ActiveMessage service is end in controlled!
2019 五月 20 14:28:54,318 INFO | The AllFilesController service is waiting for the next controller!
2019 五月 20 14:28:54,320 INFO | 全文件检测开始!
2019 五月 20 14:28:54,341 INFO | The ActiveMessage service is start in controlled!
2019 五月 20 14:28:54,362 INFO | The ActiveMessage service is start in controlled!
2019 五月 20 14:28:54,369 INFO | The ActiveMessage service is end in controlled!
2019 五月 20 14:28:54,388 INFO | The ActiveMessage service is end in controlled!
2019 五月 20 14:28:54,973 INFO | 全文件检测完成!
2019 五月 20 14:28:59,374 INFO | The ActiveMessage service is start in controlled!
2019 五月 20 14:28:59,390 INFO | The ActiveMessage service is start in controlled!
2019 五月 20 14:28:59,399 INFO | The ActiveMessage service is end in controlled!
2019 五月 20 14:28:59,413 INFO | The ActiveMessage service is end in controlled!
2019 五月 20 14:29:04,322 INFO | The AllFilesController service is waiting for the next controller!
