2019 十一月 22 09:47:57,349 INFO | 关键配置文件加载成功!
2019 十一月 22 09:47:57,363 INFO | The ActiveWish service is in controlled!
2019 十一月 22 09:47:57,455 INFO | The AllFilesController service is in the process of controlled!
2019 十一月 22 09:47:57,477 INFO | The ActiveWish service is start in controlled!
2019 十一月 22 09:47:57,503 INFO | The ActiveWish service is end in controlled!
2019 十一月 22 09:47:57,518 INFO | 全文件检测开始!
2019 十一月 22 09:47:57,453 INFO | The ActiveWish service is start in controlled!
2019 十一月 22 09:47:57,515 INFO | The ActiveWish service is start in controlled!
2019 十一月 22 09:47:57,536 INFO | The ActiveWish service is end in controlled!
2019 十一月 22 09:47:57,541 INFO | The ActiveWish service is end in controlled!
2019 十一月 22 09:47:57,750 INFO | 文件不存在：3D:\workbench\eclipse-workbench\activewish\files\test\1927-874@1927-874面漆.pdf
2019 十一月 22 09:47:57,764 INFO | 删除am_monitor_currentfile表:com.mysql.jdbc.JDBC42PreparedStatement@1d963e25: delete from am_monitor_currentfile where id = '13f93355d2a646209b413b4ca0a99049'
2019 十一月 22 09:47:57,822 INFO | 文件不存在：4D:\workbench\eclipse-workbench\activewish\files\test\1900-436B@M673D面漆.pdf
2019 十一月 22 09:47:57,832 INFO | 删除am_monitor_currentfile表:com.mysql.jdbc.JDBC42PreparedStatement@440d2b96: delete from am_monitor_currentfile where id = 'ace0052b38654b1584e585228517b554'
2019 十一月 22 09:47:57,854 INFO | 文件不存在：5D:\workbench\eclipse-workbench\activewish\files\test\1955-132@1955-132面漆.pdf
2019 十一月 22 09:47:57,867 INFO | 删除am_monitor_currentfile表:com.mysql.jdbc.JDBC42PreparedStatement@7b7e6199: delete from am_monitor_currentfile where id = '14717baa1c20422b886bfd82537c16fc'
2019 十一月 22 09:47:57,881 INFO | 文件不存在：6D:\workbench\eclipse-workbench\activewish\files\test\1955-148@1955-148面漆.pdf
2019 十一月 22 09:47:57,893 INFO | 删除am_monitor_currentfile表:com.mysql.jdbc.JDBC42PreparedStatement@9d18d18: delete from am_monitor_currentfile where id = '64cab97b4cf045b191f9690d39865bf2'
2019 十一月 22 09:47:57,903 INFO | 文件不存在：7D:\workbench\eclipse-workbench\activewish\files\test\2000-455A@M453Q面漆.pdf
2019 十一月 22 09:47:57,914 INFO | 删除am_monitor_currentfile表:com.mysql.jdbc.JDBC42PreparedStatement@3afbc5ff: delete from am_monitor_currentfile where id = '8d4ec20856e4428aaf6f90e3f827f250'
2019 十一月 22 09:47:57,931 INFO | 全文件检测完成!
2019 十一月 22 09:48:02,528 INFO | The ActiveWish service is start in controlled!
2019 十一月 22 09:48:02,532 INFO | The ActiveWish service is end in controlled!
2019 十一月 22 09:48:02,565 INFO | The ActiveWish service is start in controlled!
2019 十一月 22 09:48:02,568 INFO | The ActiveWish service is start in controlled!
2019 十一月 22 09:48:02,574 INFO | The ActiveWish service is end in controlled!
2019 十一月 22 09:48:02,572 INFO | The ActiveWish service is end in controlled!
2019 十一月 22 09:48:07,536 INFO | The ActiveWish service is start in controlled!
2019 十一月 22 09:48:07,538 INFO | The ActiveWish service is end in controlled!
2019 十一月 22 09:48:07,579 INFO | The ActiveWish service is start in controlled!
2019 十一月 22 09:48:07,581 INFO | The ActiveWish service is start in controlled!
2019 十一月 22 09:48:07,586 INFO | The ActiveWish service is end in controlled!
2019 十一月 22 09:48:07,588 INFO | The ActiveWish service is end in controlled!
2019 十一月 22 09:48:12,542 INFO | The ActiveWish service is start in controlled!
2019 十一月 22 09:48:12,548 INFO | The ActiveWish service is end in controlled!
2019 十一月 22 09:48:12,592 INFO | The ActiveWish service is start in controlled!
2019 十一月 22 09:48:12,596 INFO | The ActiveWish service is start in controlled!
2019 十一月 22 09:48:12,598 INFO | The ActiveWish service is end in controlled!
2019 十一月 22 09:48:12,608 INFO | The ActiveWish service is end in controlled!
2019 十一月 22 09:48:17,554 INFO | The ActiveWish service is start in controlled!
2019 十一月 22 09:48:17,557 INFO | The ActiveWish service is end in controlled!
2019 十一月 22 09:48:17,602 INFO | The ActiveWish service is start in controlled!
2019 十一月 22 09:48:17,606 INFO | The ActiveWish service is end in controlled!
2019 十一月 22 09:48:17,610 INFO | The ActiveWish service is start in controlled!
2019 十一月 22 09:48:17,614 INFO | The ActiveWish service is end in controlled!
